[debug] [2019-09-16T09:45:09.560Z] ----------------------------------------------------------------------
[debug] [2019-09-16T09:45:09.562Z] Command:       /usr/local/Cellar/node/12.5.0/bin/node /usr/local/bin/firebase deploy --only functions
[debug] [2019-09-16T09:45:09.562Z] CLI Version:   7.3.2
[debug] [2019-09-16T09:45:09.563Z] Platform:      darwin
[debug] [2019-09-16T09:45:09.563Z] Node Version:  v12.5.0
[debug] [2019-09-16T09:45:09.563Z] Time:          Mon Sep 16 2019 11:45:09 GMT+0200 (Central European Summer Time)
[debug] [2019-09-16T09:45:09.563Z] ----------------------------------------------------------------------
[debug] 
[debug] [2019-09-16T09:45:09.570Z] > command requires scopes: ["email","openid","https://www.googleapis.com/auth/cloudplatformprojects.readonly","https://www.googleapis.com/auth/firebase","https://www.googleapis.com/auth/cloud-platform"]
[debug] [2019-09-16T09:45:09.570Z] > authorizing via signed-in user
[debug] [2019-09-16T09:45:09.570Z] [iam] checking project personal-website-eb34f for permissions ["cloudfunctions.functions.create","cloudfunctions.functions.delete","cloudfunctions.functions.get","cloudfunctions.functions.list","cloudfunctions.functions.update","cloudfunctions.operations.get","firebase.projects.get"]
[debug] [2019-09-16T09:45:09.572Z] >>> HTTP REQUEST POST https://cloudresourcemanager.googleapis.com/v1/projects/personal-website-eb34f:testIamPermissions  

[debug] [2019-09-16T09:45:10.559Z] <<< HTTP RESPONSE 200
[info] 
[info] === Deploying to 'personal-website-eb34f'...
[info] 
[info] i  deploying functions
[info] Running command: npm --prefix "$RESOURCE_DIR" run lint
[info] Running command: npm --prefix "$RESOURCE_DIR" run build
[info] ✔  functions: Finished running predeploy script.
[debug] [2019-09-16T09:45:15.563Z] > [functions] package.json contents: {
  "name": "functions",
  "scripts": {
    "lint": "tslint --project tsconfig.json",
    "build": "tsc",
    "serve": "npm run build && firebase serve --only functions",
    "shell": "npm run build && firebase functions:shell",
    "start": "npm run shell",
    "deploy": "firebase deploy --only functions",
    "logs": "firebase functions:log"
  },
  "engines": {
    "node": "8"
  },
  "main": "lib/index.js",
  "dependencies": {
    "@types/nodemailer": "^6.2.1",
    "cors": "^2.8.5",
    "firebase-admin": "^8.0.0",
    "firebase-functions": "^3.1.0",
    "nodemailer": "^6.3.0"
  },
  "devDependencies": {
    "tslint": "^5.12.0",
    "typescript": "^3.2.2"
  },
  "private": true
}
[info] i  functions: ensuring necessary APIs are enabled...
[debug] [2019-09-16T09:45:15.564Z] >>> HTTP REQUEST GET https://serviceusage.googleapis.com/v1/projects/personal-website-eb34f/services/cloudfunctions.googleapis.com  
 
[debug] [2019-09-16T09:45:15.565Z] >>> HTTP REQUEST GET https://serviceusage.googleapis.com/v1/projects/personal-website-eb34f/services/runtimeconfig.googleapis.com  
 
[debug] [2019-09-16T09:45:16.600Z] <<< HTTP RESPONSE 200
[debug] [2019-09-16T09:45:16.630Z] <<< HTTP RESPONSE 200
[info] ✔  functions: all necessary APIs are enabled
[debug] [2019-09-16T09:45:16.631Z] >>> HTTP REQUEST GET https://firebase.googleapis.com/v1beta1/projects/personal-website-eb34f/adminSdkConfig  
 
[debug] [2019-09-16T09:45:16.944Z] <<< HTTP RESPONSE 200
[info] i  functions: preparing functions directory for uploading...
[debug] [2019-09-16T09:45:16.947Z] >>> HTTP REQUEST GET https://runtimeconfig.googleapis.com/v1beta1/projects/personal-website-eb34f/configs  
 
[debug] [2019-09-16T09:45:17.277Z] <<< HTTP RESPONSE 200
[info] i  functions: packaged functions (32.19 KB) for uploading
[debug] [2019-09-16T09:45:17.455Z] >>> HTTP REQUEST POST https://cloudfunctions.googleapis.com/v1/projects/personal-website-eb34f/locations/us-central1/functions:generateUploadUrl  
 
